\BOOKMARK [1][-]{section.1}{Introduction}{}% 1
\BOOKMARK [2][-]{subsection.1.1}{Document\040Purpose\040READ\040OVER\040THIS\040}{section.1}% 2
\BOOKMARK [2][-]{subsection.1.2}{Background\040ADD\040MORE\040FLUFF}{section.1}% 3
\BOOKMARK [3][-]{subsubsection.1.2.1}{Obstacle\040Avoidance}{subsection.1.2}% 4
\BOOKMARK [3][-]{subsubsection.1.2.2}{Unmanned\040Aircraft\040Systems}{subsection.1.2}% 5
\BOOKMARK [3][-]{subsubsection.1.2.3}{Computer\040Vision}{subsection.1.2}% 6
\BOOKMARK [3][-]{subsubsection.1.2.4}{OpenCV}{subsection.1.2}% 7
\BOOKMARK [3][-]{subsubsection.1.2.5}{Gazebo}{subsection.1.2}% 8
\BOOKMARK [3][-]{subsubsection.1.2.6}{Robot\040Operating\040System}{subsection.1.2}% 9
\BOOKMARK [3][-]{subsubsection.1.2.7}{TurtleBot}{subsection.1.2}% 10
\BOOKMARK [3][-]{subsubsection.1.2.8}{AscTec\040Pelican}{subsection.1.2}% 11
\BOOKMARK [2][-]{subsection.1.3}{Definitions\040STILL\040WANT\040THIS?}{section.1}% 12
\BOOKMARK [3][-]{subsubsection.1.3.1}{Flying\040Robot}{subsection.1.3}% 13
\BOOKMARK [3][-]{subsubsection.1.3.2}{Marker}{subsection.1.3}% 14
\BOOKMARK [2][-]{subsection.1.4}{Aim\040DO\040WE\040NEED\040THIS?}{section.1}% 15
\BOOKMARK [3][-]{subsubsection.1.4.1}{Targets\040of\040Interest}{subsection.1.4}% 16
\BOOKMARK [3][-]{subsubsection.1.4.2}{Complex\040Environment}{subsection.1.4}% 17
\BOOKMARK [3][-]{subsubsection.1.4.3}{Benefits}{subsection.1.4}% 18
\BOOKMARK [1][-]{section.2}{Design\040Section}{}% 19
\BOOKMARK [2][-]{subsection.2.1}{Block\040Diagram}{section.2}% 20
\BOOKMARK [2][-]{subsection.2.2}{Node\040Diagram}{section.2}% 21
\BOOKMARK [2][-]{subsection.2.3}{Interfacing}{section.2}% 22
\BOOKMARK [2][-]{subsection.2.4}{Verification\040and\040Validation}{section.2}% 23
\BOOKMARK [1][-]{section.3}{Equipment}{}% 24
\BOOKMARK [2][-]{subsection.3.1}{Equipment\040Table}{section.3}% 25
\BOOKMARK [1][-]{section.4}{Schedule}{}% 26
\BOOKMARK [1][-]{section.5}{Unresolved Issues and Risks ADD MORE RISKS \(we don’t seem dangerous enough, lame\)}{}% 27
\BOOKMARK [2][-]{subsection.5.1}{Identifying\040Markers}{section.5}% 28
\BOOKMARK [3][-]{subsubsection.5.1.1}{Likelihood}{subsection.5.1}% 29
\BOOKMARK [3][-]{subsubsection.5.1.2}{Impact}{subsection.5.1}% 30
\BOOKMARK [3][-]{subsubsection.5.1.3}{Process\040Solution}{subsection.5.1}% 31
\BOOKMARK [2][-]{subsection.5.2}{Computer\040Hardware\040Limitations}{section.5}% 32
\BOOKMARK [3][-]{subsubsection.5.2.1}{Likelihood}{subsection.5.2}% 33
\BOOKMARK [3][-]{subsubsection.5.2.2}{Impact}{subsection.5.2}% 34
\BOOKMARK [3][-]{subsubsection.5.2.3}{Process\040Solution}{subsection.5.2}% 35
\BOOKMARK [2][-]{subsection.5.3}{Flight\040Control\040System\040Inaccuracy}{section.5}% 36
\BOOKMARK [3][-]{subsubsection.5.3.1}{Likelihood}{subsection.5.3}% 37
\BOOKMARK [3][-]{subsubsection.5.3.2}{Impact}{subsection.5.3}% 38
\BOOKMARK [3][-]{subsubsection.5.3.3}{Process\040Solution}{subsection.5.3}% 39
\BOOKMARK [1][-]{section.6}{Conclusion}{}% 40
