Determining if the pthread_create exist failed with the following output:
Change Dir: /home/t/coatimunde/catkin_ws/build/CMakeFiles/CMakeTmp

Run Build Command:/usr/bin/make "cmTryCompileExec455015460/fast"
/usr/bin/make -f CMakeFiles/cmTryCompileExec455015460.dir/build.make CMakeFiles/cmTryCompileExec455015460.dir/build
make[1]: Entering directory `/home/t/coatimunde/catkin_ws/build/CMakeFiles/CMakeTmp'
/usr/bin/cmake -E cmake_progress_report /home/t/coatimunde/catkin_ws/build/CMakeFiles/CMakeTmp/CMakeFiles 1
Building C object CMakeFiles/cmTryCompileExec455015460.dir/CheckSymbolExists.c.o
/usr/bin/cc    -o CMakeFiles/cmTryCompileExec455015460.dir/CheckSymbolExists.c.o   -c /home/t/coatimunde/catkin_ws/build/CMakeFiles/CMakeTmp/CheckSymbolExists.c
Linking C executable cmTryCompileExec455015460
/usr/bin/cmake -E cmake_link_script CMakeFiles/cmTryCompileExec455015460.dir/link.txt --verbose=1
/usr/bin/cc       CMakeFiles/cmTryCompileExec455015460.dir/CheckSymbolExists.c.o  -o cmTryCompileExec455015460 -rdynamic 
CMakeFiles/cmTryCompileExec455015460.dir/CheckSymbolExists.c.o: In function `main':
CheckSymbolExists.c:(.text+0x16): undefined reference to `pthread_create'
collect2: error: ld returned 1 exit status
make[1]: *** [cmTryCompileExec455015460] Error 1
make[1]: Leaving directory `/home/t/coatimunde/catkin_ws/build/CMakeFiles/CMakeTmp'
make: *** [cmTryCompileExec455015460/fast] Error 2

File /home/t/coatimunde/catkin_ws/build/CMakeFiles/CMakeTmp/CheckSymbolExists.c:
/* */
#include <pthread.h>

int main(int argc, char** argv)
{
  (void)argv;
#ifndef pthread_create
  return ((int*)(&pthread_create))[argc];
#else
  (void)argc;
  return 0;
#endif
}

Determining if the function pthread_create exists in the pthreads failed with the following output:
Change Dir: /home/t/coatimunde/catkin_ws/build/CMakeFiles/CMakeTmp

Run Build Command:/usr/bin/make "cmTryCompileExec1179090745/fast"
/usr/bin/make -f CMakeFiles/cmTryCompileExec1179090745.dir/build.make CMakeFiles/cmTryCompileExec1179090745.dir/build
make[1]: Entering directory `/home/t/coatimunde/catkin_ws/build/CMakeFiles/CMakeTmp'
/usr/bin/cmake -E cmake_progress_report /home/t/coatimunde/catkin_ws/build/CMakeFiles/CMakeTmp/CMakeFiles 1
Building C object CMakeFiles/cmTryCompileExec1179090745.dir/CheckFunctionExists.c.o
/usr/bin/cc   -DCHECK_FUNCTION_EXISTS=pthread_create   -o CMakeFiles/cmTryCompileExec1179090745.dir/CheckFunctionExists.c.o   -c /usr/share/cmake-2.8/Modules/CheckFunctionExists.c
Linking C executable cmTryCompileExec1179090745
/usr/bin/cmake -E cmake_link_script CMakeFiles/cmTryCompileExec1179090745.dir/link.txt --verbose=1
/usr/bin/cc   -DCHECK_FUNCTION_EXISTS=pthread_create    CMakeFiles/cmTryCompileExec1179090745.dir/CheckFunctionExists.c.o  -o cmTryCompileExec1179090745 -rdynamic -lpthreads 
/usr/bin/ld: cannot find -lpthreads
collect2: error: ld returned 1 exit status
make[1]: *** [cmTryCompileExec1179090745] Error 1
make[1]: Leaving directory `/home/t/coatimunde/catkin_ws/build/CMakeFiles/CMakeTmp'
make: *** [cmTryCompileExec1179090745/fast] Error 2


