\BOOKMARK [1][-]{section.1}{Introduction}{}% 1
\BOOKMARK [2][-]{subsection.1.1}{Document Purpose}{section.1}% 2
\BOOKMARK [2][-]{subsection.1.2}{Background}{section.1}% 3
\BOOKMARK [3][-]{subsubsection.1.2.1}{Obstacle Avoidance}{subsection.1.2}% 4
\BOOKMARK [3][-]{subsubsection.1.2.2}{Uncrewed Aircraft Systems}{subsection.1.2}% 5
\BOOKMARK [3][-]{subsubsection.1.2.3}{Computer Vision}{subsection.1.2}% 6
\BOOKMARK [3][-]{subsubsection.1.2.4}{OpenCV}{subsection.1.2}% 7
\BOOKMARK [3][-]{subsubsection.1.2.5}{TurtleBot}{subsection.1.2}% 8
\BOOKMARK [3][-]{subsubsection.1.2.6}{AscTec Pelican}{subsection.1.2}% 9
\BOOKMARK [2][-]{subsection.1.3}{Definitions}{section.1}% 10
\BOOKMARK [3][-]{subsubsection.1.3.1}{Flying Robot}{subsection.1.3}% 11
\BOOKMARK [3][-]{subsubsection.1.3.2}{Marker}{subsection.1.3}% 12
\BOOKMARK [2][-]{subsection.1.4}{Aim}{section.1}% 13
\BOOKMARK [3][-]{subsubsection.1.4.1}{Targets of Interest}{subsection.1.4}% 14
\BOOKMARK [3][-]{subsubsection.1.4.2}{Complex Environment}{subsection.1.4}% 15
\BOOKMARK [3][-]{subsubsection.1.4.3}{Benefits}{subsection.1.4}% 16
\BOOKMARK [2][-]{subsection.1.5}{Scope}{section.1}% 17
\BOOKMARK [1][-]{section.2}{Requirement Definition Activities}{}% 18
\BOOKMARK [2][-]{subsection.2.1}{Information}{section.2}% 19
\BOOKMARK [1][-]{section.3}{Product Requirements}{}% 20
\BOOKMARK [2][-]{subsection.3.1}{Functional Requirements \(FR\)}{section.3}% 21
\BOOKMARK [3][-]{subsubsection.3.1.1}{FR-01: State Machine}{subsection.3.1}% 22
\BOOKMARK [3][-]{subsubsection.3.1.2}{FR-02: Movement Toward Target}{subsection.3.1}% 23
\BOOKMARK [3][-]{subsubsection.3.1.3}{FR-03: Trajectory Library}{subsection.3.1}% 24
\BOOKMARK [3][-]{subsubsection.3.1.4}{FR-04: Trajectory Library Updating State Machine}{subsection.3.1}% 25
\BOOKMARK [3][-]{subsubsection.3.1.5}{FR-05: Identification of Target}{subsection.3.1}% 26
\BOOKMARK [3][-]{subsubsection.3.1.6}{FR-06: Avoiding Obstacle}{subsection.3.1}% 27
\BOOKMARK [3][-]{subsubsection.3.1.7}{FR-07: Identification of Obstacle}{subsection.3.1}% 28
\BOOKMARK [3][-]{subsubsection.3.1.8}{FR-08: Multiple Obstacles}{subsection.3.1}% 29
\BOOKMARK [2][-]{subsection.3.2}{Performance Requirements \(PR\)}{section.3}% 30
\BOOKMARK [3][-]{subsubsection.3.2.1}{PR-01: Target Identification}{subsection.3.2}% 31
\BOOKMARK [3][-]{subsubsection.3.2.2}{PR-02: State Machine Corrections}{subsection.3.2}% 32
\BOOKMARK [3][-]{subsubsection.3.2.3}{PR-03: Interpretation of Visual Data}{subsection.3.2}% 33
\BOOKMARK [3][-]{subsubsection.3.2.4}{PR-04: Multiple Obstacles}{subsection.3.2}% 34
\BOOKMARK [2][-]{subsection.3.3}{Interface Requirements \(IR\)}{section.3}% 35
\BOOKMARK [3][-]{subsubsection.3.3.1}{IR-01: Turtlebot Communication through ROS}{subsection.3.3}% 36
\BOOKMARK [3][-]{subsubsection.3.3.2}{IR-02: Air Robot Communication}{subsection.3.3}% 37
\BOOKMARK [3][-]{subsubsection.3.3.3}{IR-03: Air Robot Radio Denied}{subsection.3.3}% 38
\BOOKMARK [3][-]{subsubsection.3.3.4}{IR-04: Off-board User Interface}{subsection.3.3}% 39
\BOOKMARK [2][-]{subsection.3.4}{Simulation Requirements \(SimR\)}{section.3}% 40
\BOOKMARK [3][-]{subsubsection.3.4.1}{SimR-01: Gazebo with Turtlebot}{subsection.3.4}% 41
\BOOKMARK [3][-]{subsubsection.3.4.2}{SimR-02: Flying Robot}{subsection.3.4}% 42
\BOOKMARK [2][-]{subsection.3.5}{Implementation Requirements \(ImpR\)}{section.3}% 43
\BOOKMARK [3][-]{subsubsection.3.5.1}{ImpR-01: Gazebo Simulation}{subsection.3.5}% 44
\BOOKMARK [3][-]{subsubsection.3.5.2}{ImpR-02: Turtlebot Robot Operating System}{subsection.3.5}% 45
\BOOKMARK [3][-]{subsubsection.3.5.3}{ImpR-03: Turtlebot in Lab}{subsection.3.5}% 46
\BOOKMARK [3][-]{subsubsection.3.5.4}{ImpR-04: Flying Robot in Lab}{subsection.3.5}% 47
\BOOKMARK [2][-]{subsection.3.6}{Schedule Restrictions \(SchR\)}{section.3}% 48
\BOOKMARK [3][-]{subsubsection.3.6.1}{SchR-01: Simulation}{subsection.3.6}% 49
\BOOKMARK [3][-]{subsubsection.3.6.2}{SchR-02: TurtleBot Prototype}{subsection.3.6}% 50
\BOOKMARK [3][-]{subsubsection.3.6.3}{SchR-03: Flying Prototype}{subsection.3.6}% 51
\BOOKMARK [2][-]{subsection.3.7}{Miscellaneous Requirements \(MiscR\)}{section.3}% 52
\BOOKMARK [3][-]{subsubsection.3.7.1}{MiscR-01: Familiarization with TurtleBot}{subsection.3.7}% 53
\BOOKMARK [3][-]{subsubsection.3.7.2}{MiscR-02: Familiarization with Flying Robot}{subsection.3.7}% 54
\BOOKMARK [3][-]{subsubsection.3.7.3}{MiscR-03: Motion Tracking Equipment Use}{subsection.3.7}% 55
\BOOKMARK [1][-]{section.4}{Risk Assessment}{}% 56
\BOOKMARK [2][-]{subsection.4.1}{Identifying Markers}{section.4}% 57
\BOOKMARK [3][-]{subsubsection.4.1.1}{Likelihood}{subsection.4.1}% 58
\BOOKMARK [3][-]{subsubsection.4.1.2}{Impact}{subsection.4.1}% 59
\BOOKMARK [3][-]{subsubsection.4.1.3}{Process Solution}{subsection.4.1}% 60
\BOOKMARK [2][-]{subsection.4.2}{Computer Hardware Limitations}{section.4}% 61
\BOOKMARK [3][-]{subsubsection.4.2.1}{Likelihood}{subsection.4.2}% 62
\BOOKMARK [3][-]{subsubsection.4.2.2}{Impact}{subsection.4.2}% 63
\BOOKMARK [3][-]{subsubsection.4.2.3}{Process Solution}{subsection.4.2}% 64
\BOOKMARK [2][-]{subsection.4.3}{Flight Control System Inaccuracy}{section.4}% 65
\BOOKMARK [3][-]{subsubsection.4.3.1}{Likelihood}{subsection.4.3}% 66
\BOOKMARK [3][-]{subsubsection.4.3.2}{Impact}{subsection.4.3}% 67
\BOOKMARK [3][-]{subsubsection.4.3.3}{Process Solution}{subsection.4.3}% 68
\BOOKMARK [1][-]{section.5}{Conclusion}{}% 69
