\BOOKMARK [1][-]{section.1}{Introduction}{}% 1
\BOOKMARK [2][-]{subsection.1.1}{Document Purpose}{section.1}% 2
\BOOKMARK [2][-]{subsection.1.2}{Background}{section.1}% 3
\BOOKMARK [3][-]{subsubsection.1.2.1}{Aim}{subsection.1.2}% 4
\BOOKMARK [3][-]{subsubsection.1.2.2}{Benefits}{subsection.1.2}% 5
\BOOKMARK [3][-]{subsubsection.1.2.3}{Scope}{subsection.1.2}% 6
\BOOKMARK [3][-]{subsubsection.1.2.4}{Requirements}{subsection.1.2}% 7
\BOOKMARK [3][-]{subsubsection.1.2.5}{Preliminary Design}{subsection.1.2}% 8
\BOOKMARK [3][-]{subsubsection.1.2.6}{Changes to Schedule}{subsection.1.2}% 9
\BOOKMARK [3][-]{subsubsection.1.2.7}{Changes to Custom Nodes}{subsection.1.2}% 10
\BOOKMARK [3][-]{subsubsection.1.2.8}{Porting to UAV}{subsection.1.2}% 11
\BOOKMARK [2][-]{subsection.1.3}{Definitions}{section.1}% 12
\BOOKMARK [3][-]{subsubsection.1.3.1}{Obstacle Avoidance}{subsection.1.3}% 13
\BOOKMARK [3][-]{subsubsection.1.3.2}{Unmanned Aircraft Systems}{subsection.1.3}% 14
\BOOKMARK [3][-]{subsubsection.1.3.3}{Quaternion}{subsection.1.3}% 15
\BOOKMARK [3][-]{subsubsection.1.3.4}{Computer Vision}{subsection.1.3}% 16
\BOOKMARK [3][-]{subsubsection.1.3.5}{OpenCV}{subsection.1.3}% 17
\BOOKMARK [3][-]{subsubsection.1.3.6}{Gazebo}{subsection.1.3}% 18
\BOOKMARK [3][-]{subsubsection.1.3.7}{Robot Operating System}{subsection.1.3}% 19
\BOOKMARK [3][-]{subsubsection.1.3.8}{gmapping}{subsection.1.3}% 20
\BOOKMARK [3][-]{subsubsection.1.3.9}{TurtleBot}{subsection.1.3}% 21
\BOOKMARK [3][-]{subsubsection.1.3.10}{AscTec Pelican}{subsection.1.3}% 22
\BOOKMARK [1][-]{section.2}{Design}{}% 23
\BOOKMARK [2][-]{subsection.2.1}{Computer Vision}{section.2}% 24
\BOOKMARK [3][-]{subsubsection.2.1.1}{Target Finding}{subsection.2.1}% 25
\BOOKMARK [3][-]{subsubsection.2.1.2}{Obstacle Finding}{subsection.2.1}% 26
\BOOKMARK [3][-]{subsubsection.2.1.3}{Optical Flow}{subsection.2.1}% 27
\BOOKMARK [3][-]{subsubsection.2.1.4}{Pinhole Camera}{subsection.2.1}% 28
\BOOKMARK [3][-]{subsubsection.2.1.5}{Depth Registered Image}{subsection.2.1}% 29
\BOOKMARK [3][-]{subsubsection.2.1.6}{Stereo Depth Estimation}{subsection.2.1}% 30
\BOOKMARK [2][-]{subsection.2.2}{Decision Making}{section.2}% 31
\BOOKMARK [2][-]{subsection.2.3}{Obstacle Avoidance}{section.2}% 32
\BOOKMARK [2][-]{subsection.2.4}{Unknown and Navigation Denied Environments}{section.2}% 33
\BOOKMARK [2][-]{subsection.2.5}{Localization}{section.2}% 34
\BOOKMARK [3][-]{subsubsection.2.5.1}{amcl}{subsection.2.5}% 35
\BOOKMARK [3][-]{subsubsection.2.5.2}{RViz}{subsection.2.5}% 36
\BOOKMARK [2][-]{subsection.2.6}{Architecture}{section.2}% 37
\BOOKMARK [2][-]{subsection.2.7}{Custom Nodes}{section.2}% 38
\BOOKMARK [3][-]{subsubsection.2.7.1}{Target Finding}{subsection.2.7}% 39
\BOOKMARK [3][-]{subsubsection.2.7.2}{Obstacle Finding}{subsection.2.7}% 40
\BOOKMARK [3][-]{subsubsection.2.7.3}{Limitations of Obstacle Finding Approach}{subsection.2.7}% 41
\BOOKMARK [3][-]{subsubsection.2.7.4}{State Estimator}{subsection.2.7}% 42
\BOOKMARK [3][-]{subsubsection.2.7.5}{Route Planning}{subsection.2.7}% 43
\BOOKMARK [3][-]{subsubsection.2.7.6}{PFinder v1}{subsection.2.7}% 44
\BOOKMARK [3][-]{subsubsection.2.7.7}{PFinder v2}{subsection.2.7}% 45
\BOOKMARK [2][-]{subsection.2.8}{Node Diagram}{section.2}% 46
\BOOKMARK [2][-]{subsection.2.9}{Mathematical Modeling}{section.2}% 47
\BOOKMARK [3][-]{subsubsection.2.9.1}{Flying Robot}{subsection.2.9}% 48
\BOOKMARK [3][-]{subsubsection.2.9.2}{Initial Approach to Robot in 3D Space}{subsection.2.9}% 49
\BOOKMARK [3][-]{subsubsection.2.9.3}{Pose Estimation}{subsection.2.9}% 50
\BOOKMARK [3][-]{subsubsection.2.9.4}{Dieter Fox's Monte Carlo Localization}{subsection.2.9}% 51
\BOOKMARK [2][-]{subsection.2.10}{Interfacing}{section.2}% 52
\BOOKMARK [1][-]{section.3}{Equipment}{}% 53
\BOOKMARK [2][-]{subsection.3.1}{Equipment Table}{section.3}% 54
\BOOKMARK [1][-]{section.4}{Verification and Validation}{}% 55
\BOOKMARK [2][-]{subsection.4.1}{Unit Tests}{section.4}% 56
\BOOKMARK [3][-]{subsubsection.4.1.1}{coati\137target tests}{subsection.4.1}% 57
\BOOKMARK [3][-]{subsubsection.4.1.2}{coati\137depth tests}{subsection.4.1}% 58
\BOOKMARK [3][-]{subsubsection.4.1.3}{coati\137odom tests}{subsection.4.1}% 59
\BOOKMARK [3][-]{subsubsection.4.1.4}{coati\137pfinder tests}{subsection.4.1}% 60
\BOOKMARK [2][-]{subsection.4.2}{Gazebo}{section.4}% 61
\BOOKMARK [2][-]{subsection.4.3}{Camera Tests}{section.4}% 62
\BOOKMARK [2][-]{subsection.4.4}{Ground Based Robot}{section.4}% 63
\BOOKMARK [2][-]{subsection.4.5}{Flying Robot}{section.4}% 64
\BOOKMARK [1][-]{section.5}{Results}{}% 65
\BOOKMARK [2][-]{subsection.5.1}{Finding Targets}{section.5}% 66
\BOOKMARK [2][-]{subsection.5.2}{Extracting Depth Information}{section.5}% 67
\BOOKMARK [2][-]{subsection.5.3}{Compiling Odometry Information}{section.5}% 68
\BOOKMARK [2][-]{subsection.5.4}{Path Finding}{section.5}% 69
\BOOKMARK [1][-]{section.6}{Discussion}{}% 70
\BOOKMARK [2][-]{subsection.6.1}{Overview}{section.6}% 71
\BOOKMARK [2][-]{subsection.6.2}{Flying Robot Requirements}{section.6}% 72
\BOOKMARK [2][-]{subsection.6.3}{Major Issues}{section.6}% 73
\BOOKMARK [2][-]{subsection.6.4}{Recommendations for Future Expansion}{section.6}% 74
\BOOKMARK [2][-]{subsection.6.5}{Functional and Performance Requirements}{section.6}% 75
\BOOKMARK [2][-]{subsection.6.6}{Interface Requirements}{section.6}% 76
\BOOKMARK [2][-]{subsection.6.7}{Simulation Requirements}{section.6}% 77
\BOOKMARK [2][-]{subsection.6.8}{Implementation Requirements}{section.6}% 78
\BOOKMARK [2][-]{subsection.6.9}{Schedule Requirements}{section.6}% 79
\BOOKMARK [1][-]{section.7}{Conclusion}{}% 80
